# JRE version: OpenJDK Runtime Environment Microsoft-40648 (11.0.16.1+1) (build 11.0.16.1+1-LTS)
# Java VM: OpenJDK 64-Bit Server VM Microsoft-40648 (11.0.16.1+1-LTS, mixed mode, tiered, compressed oops, g1 gc, windows-amd64)
Heap:
 garbage-first heap   total 129024K, used 108532K [0x0000000080000000, 0x0000000100000000)
  region size 1024K, 30 young (30720K), 4 survivors (4096K)
 Metaspace       used 98415K, capacity 101134K, committed 101460K, reserved 604160K
  class space    used 13009K, capacity 14065K, committed 14156K, reserved 516096K
GC Heap History (20 events):
Event: 114.528 GC heap after
{Heap after GC invocations=22 (full 0):
 garbage-first heap   total 129024K, used 59388K [0x0000000080000000, 0x0000000100000000)
  region size 1024K, 7 young (7168K), 7 survivors (7168K)
 Metaspace       used 76718K, capacity 79230K, committed 79444K, reserved 585728K
  class space    used 10048K, capacity 10979K, committed 11084K, reserved 516096K
}
Event: 115.730 GC heap before
{Heap before GC invocations=22 (full 0):
 garbage-first heap   total 129024K, used 105468K [0x0000000080000000, 0x0000000100000000)
  region size 1024K, 49 young (50176K), 7 survivors (7168K)
 Metaspace       used 82413K, capacity 84912K, committed 85204K, reserved 589824K
  class space    used 10669K, capacity 11630K, committed 11724K, reserved 516096K
}
Event: 115.745 GC heap after
{Heap after GC invocations=23 (full 0):
 garbage-first heap   total 129024K, used 69180K [0x0000000080000000, 0x0000000100000000)
  region size 1024K, 7 young (7168K), 7 survivors (7168K)
 Metaspace       used 82413K, capacity 84912K, committed 85204K, reserved 589824K
  class space    used 10669K, capacity 11630K, committed 11724K, reserved 516096K
}
Event: 115.747 GC heap before
{Heap before GC invocations=23 (full 0):
 garbage-first heap   total 129024K, used 69180K [0x0000000080000000, 0x0000000100000000)
  region size 1024K, 8 young (8192K), 7 survivors (7168K)
 Metaspace       used 82413K, capacity 84912K, committed 85204K, reserved 589824K
  class space    used 10669K, capacity 11630K, committed 11724K, reserved 516096K
}
Event: 115.755 GC heap after
{Heap after GC invocations=24 (full 0):
 garbage-first heap   total 129024K, used 70107K [0x0000000080000000, 0x0000000100000000)
  region size 1024K, 1 young (1024K), 1 survivors (1024K)
 Metaspace       used 82413K, capacity 84912K, committed 85204K, reserved 589824K
  class space    used 10669K, capacity 11630K, committed 11724K, reserved 516096K
}
Event: 116.686 GC heap before
{Heap before GC invocations=25 (full 0):
 garbage-first heap   total 129024K, used 111067K [0x0000000080000000, 0x0000000100000000)
  region size 1024K, 35 young (35840K), 1 survivors (1024K)
 Metaspace       used 84716K, capacity 87189K, committed 87252K, reserved 591872K
  class space    used 10964K, capacity 11957K, committed 11980K, reserved 516096K
}
Event: 116.692 GC heap after
{Heap after GC invocations=26 (full 0):
 garbage-first heap   total 129024K, used 73653K [0x0000000080000000, 0x0000000100000000)
  region size 1024K, 3 young (3072K), 3 survivors (3072K)
 Metaspace       used 84716K, capacity 87189K, committed 87252K, reserved 591872K
  class space    used 10964K, capacity 11957K, committed 11980K, reserved 516096K
}
Event: 117.065 GC heap before
{Heap before GC invocations=26 (full 0):
 garbage-first heap   total 129024K, used 87989K [0x0000000080000000, 0x0000000100000000)
  region size 1024K, 18 young (18432K), 3 survivors (3072K)
 Metaspace       used 85894K, capacity 88384K, committed 88532K, reserved 593920K
  class space    used 11126K, capacity 12119K, committed 12236K, reserved 516096K
}
Event: 117.072 GC heap after
{Heap after GC invocations=27 (full 0):
 garbage-first heap   total 129024K, used 75000K [0x0000000080000000, 0x0000000100000000)
  region size 1024K, 4 young (4096K), 4 survivors (4096K)
 Metaspace       used 85894K, capacity 88384K, committed 88532K, reserved 593920K
  class space    used 11126K, capacity 12119K, committed 12236K, reserved 516096K
}
Event: 117.723 GC heap before
{Heap before GC invocations=28 (full 0):
 garbage-first heap   total 129024K, used 103672K [0x0000000080000000, 0x0000000100000000)
  region size 1024K, 32 young (32768K), 4 survivors (4096K)
 Metaspace       used 87018K, capacity 89668K, committed 89940K, reserved 593920K
  class space    used 11302K, capacity 12308K, committed 12364K, reserved 516096K
}
Event: 117.736 GC heap after
{Heap after GC invocations=29 (full 0):
 garbage-first heap   total 129024K, used 73031K [0x0000000080000000, 0x0000000100000000)
  region size 1024K, 3 young (3072K), 3 survivors (3072K)
 Metaspace       used 87018K, capacity 89668K, committed 89940K, reserved 593920K
  class space    used 11302K, capacity 12308K, committed 12364K, reserved 516096K
}
Event: 120.642 GC heap before
{Heap before GC invocations=29 (full 0):
 garbage-first heap   total 129024K, used 103751K [0x0000000080000000, 0x0000000100000000)
  region size 1024K, 33 young (33792K), 3 survivors (3072K)
 Metaspace       used 87248K, capacity 89867K, committed 89940K, reserved 593920K
  class space    used 11332K, capacity 12353K, committed 12364K, reserved 516096K
}
Event: 120.652 GC heap after
{Heap after GC invocations=30 (full 0):
 garbage-first heap   total 129024K, used 75609K [0x0000000080000000, 0x0000000100000000)
  region size 1024K, 5 young (5120K), 5 survivors (5120K)
 Metaspace       used 87248K, capacity 89867K, committed 89940K, reserved 593920K
  class space    used 11332K, capacity 12353K, committed 12364K, reserved 516096K
}
Event: 121.357 GC heap before
{Heap before GC invocations=31 (full 0):
 garbage-first heap   total 129024K, used 104281K [0x0000000080000000, 0x0000000100000000)
  region size 1024K, 33 young (33792K), 5 survivors (5120K)
 Metaspace       used 89949K, capacity 92544K, committed 92756K, reserved 598016K
  class space    used 11750K, capacity 12777K, committed 12876K, reserved 516096K
}
Event: 121.372 GC heap after
{Heap after GC invocations=32 (full 0):
 garbage-first heap   total 129024K, used 77627K [0x0000000080000000, 0x0000000100000000)
  region size 1024K, 5 young (5120K), 5 survivors (5120K)
 Metaspace       used 89949K, capacity 92544K, committed 92756K, reserved 598016K
  class space    used 11750K, capacity 12777K, committed 12876K, reserved 516096K
}
Event: 121.995 GC heap before
{Heap before GC invocations=32 (full 0):
 garbage-first heap   total 129024K, used 106299K [0x0000000080000000, 0x0000000100000000)
  region size 1024K, 33 young (33792K), 5 survivors (5120K)
 Metaspace       used 92849K, capacity 95459K, committed 95828K, reserved 600064K
  class space    used 12245K, capacity 13270K, committed 13388K, reserved 516096K
}
Event: 122.011 GC heap after
{Heap after GC invocations=33 (full 0):
 garbage-first heap   total 129024K, used 79657K [0x0000000080000000, 0x0000000100000000)
  region size 1024K, 4 young (4096K), 4 survivors (4096K)
 Metaspace       used 92849K, capacity 95459K, committed 95828K, reserved 600064K
  class space    used 12245K, capacity 13270K, committed 13388K, reserved 516096K
}
Event: 122.704 GC heap before
{Heap before GC invocations=34 (full 0):
 garbage-first heap   total 129024K, used 107305K [0x0000000080000000, 0x0000000100000000)
  region size 1024K, 31 young (31744K), 4 survivors (4096K)
 Metaspace       used 95006K, capacity 97780K, committed 97876K, reserved 602112K
  class space    used 12553K, capacity 13598K, committed 13644K, reserved 516096K
}
Event: 122.721 GC heap after
{Heap after GC invocations=35 (full 0):
 garbage-first heap   total 129024K, used 81908K [0x0000000080000000, 0x0000000100000000)
  region size 1024K, 4 young (4096K), 4 survivors (4096K)
 Metaspace       used 95006K, capacity 97780K, committed 97876K, reserved 602112K
  class space    used 12553K, capacity 13598K, committed 13644K, reserved 516096K
}
Event: 123.573 GC heap before
{Heap before GC invocations=35 (full 0):
 garbage-first heap   total 129024K, used 108532K [0x0000000080000000, 0x0000000100000000)
  region size 1024K, 30 young (30720K), 4 survivors (4096K)
 Metaspace       used 98415K, capacity 101134K, committed 101460K, reserved 604160K
  class space    used 13009K, capacity 14065K, committed 14156K, reserved 516096K
}

