# JRE version: OpenJDK Runtime Environment Microsoft-40648 (11.0.16.1+1) (build 11.0.16.1+1-LTS)
# Java VM: OpenJDK 64-Bit Server VM Microsoft-40648 (11.0.16.1+1-LTS, mixed mode, tiered, compressed oops, g1 gc, windows-amd64)
Heap:
 garbage-first heap   total 225280K, used 157641K [0x0000000080000000, 0x0000000100000000)
  region size 1024K, 80 young (81920K), 13 survivors (13312K)
 Metaspace       used 98878K, capacity 101601K, committed 101844K, reserved 604160K
  class space    used 12895K, capacity 13955K, committed 14028K, reserved 516096K
GC Heap History (20 events):
Event: 7.046 GC heap before
{Heap before GC invocations=9 (full 0):
 garbage-first heap   total 155648K, used 92447K [0x0000000080000000, 0x0000000100000000)
  region size 1024K, 71 young (72704K), 6 survivors (6144K)
 Metaspace       used 40367K, capacity 41380K, committed 41680K, reserved 552960K
  class space    used 5058K, capacity 5428K, committed 5504K, reserved 516096K
}
Event: 7.063 GC heap after
{Heap after GC invocations=10 (full 0):
 garbage-first heap   total 155648K, used 28355K [0x0000000080000000, 0x0000000100000000)
  region size 1024K, 9 young (9216K), 9 survivors (9216K)
 Metaspace       used 40367K, capacity 41380K, committed 41680K, reserved 552960K
  class space    used 5058K, capacity 5428K, committed 5504K, reserved 516096K
}
Event: 10.737 GC heap before
{Heap before GC invocations=10 (full 0):
 garbage-first heap   total 155648K, used 96963K [0x0000000080000000, 0x0000000100000000)
  region size 1024K, 75 young (76800K), 9 survivors (9216K)
 Metaspace       used 45541K, capacity 46838K, committed 47184K, reserved 557056K
  class space    used 5773K, capacity 6295K, committed 6400K, reserved 516096K
}
Event: 10.762 GC heap after
{Heap after GC invocations=11 (full 0):
 garbage-first heap   total 187392K, used 31567K [0x0000000080000000, 0x0000000100000000)
  region size 1024K, 4 young (4096K), 4 survivors (4096K)
 Metaspace       used 45541K, capacity 46838K, committed 47184K, reserved 557056K
  class space    used 5773K, capacity 6295K, committed 6400K, reserved 516096K
}
Event: 12.373 GC heap before
{Heap before GC invocations=11 (full 0):
 garbage-first heap   total 187392K, used 120655K [0x0000000080000000, 0x0000000100000000)
  region size 1024K, 88 young (90112K), 4 survivors (4096K)
 Metaspace       used 52152K, capacity 53610K, committed 53712K, reserved 563200K
  class space    used 6673K, capacity 7293K, committed 7296K, reserved 516096K
}
Event: 12.390 GC heap after
{Heap after GC invocations=12 (full 0):
 garbage-first heap   total 187392K, used 40034K [0x0000000080000000, 0x0000000100000000)
  region size 1024K, 8 young (8192K), 8 survivors (8192K)
 Metaspace       used 52152K, capacity 53610K, committed 53712K, reserved 563200K
  class space    used 6673K, capacity 7293K, committed 7296K, reserved 516096K
}
Event: 13.690 GC heap before
{Heap before GC invocations=12 (full 0):
 garbage-first heap   total 187392K, used 111714K [0x0000000080000000, 0x0000000100000000)
  region size 1024K, 79 young (80896K), 8 survivors (8192K)
 Metaspace       used 58558K, capacity 60212K, committed 60296K, reserved 569344K
  class space    used 7623K, capacity 8303K, committed 8320K, reserved 516096K
}
Event: 13.712 GC heap after
{Heap after GC invocations=13 (full 0):
 garbage-first heap   total 187392K, used 42671K [0x0000000080000000, 0x0000000100000000)
  region size 1024K, 8 young (8192K), 8 survivors (8192K)
 Metaspace       used 58558K, capacity 60212K, committed 60296K, reserved 569344K
  class space    used 7623K, capacity 8303K, committed 8320K, reserved 516096K
}
Event: 14.909 GC heap before
{Heap before GC invocations=14 (full 0):
 garbage-first heap   total 187392K, used 129711K [0x0000000080000000, 0x0000000100000000)
  region size 1024K, 94 young (96256K), 8 survivors (8192K)
 Metaspace       used 64041K, capacity 66007K, committed 66260K, reserved 573440K
  class space    used 8354K, capacity 9115K, committed 9164K, reserved 516096K
}
Event: 14.933 GC heap after
{Heap after GC invocations=15 (full 0):
 garbage-first heap   total 187392K, used 45663K [0x0000000080000000, 0x0000000100000000)
  region size 1024K, 6 young (6144K), 6 survivors (6144K)
 Metaspace       used 64041K, capacity 66007K, committed 66260K, reserved 573440K
  class space    used 8354K, capacity 9115K, committed 9164K, reserved 516096K
}
Event: 16.998 GC heap before
{Heap before GC invocations=16 (full 0):
 garbage-first heap   total 187392K, used 136799K [0x0000000080000000, 0x0000000100000000)
  region size 1024K, 95 young (97280K), 6 survivors (6144K)
 Metaspace       used 70255K, capacity 72409K, committed 72660K, reserved 579584K
  class space    used 9203K, capacity 10079K, committed 10188K, reserved 516096K
}
Event: 17.021 GC heap after
{Heap after GC invocations=17 (full 0):
 garbage-first heap   total 187392K, used 51450K [0x0000000080000000, 0x0000000100000000)
  region size 1024K, 12 young (12288K), 12 survivors (12288K)
 Metaspace       used 70255K, capacity 72409K, committed 72660K, reserved 579584K
  class space    used 9203K, capacity 10079K, committed 10188K, reserved 516096K
}
Event: 18.797 GC heap before
{Heap before GC invocations=17 (full 0):
 garbage-first heap   total 187392K, used 149754K [0x0000000080000000, 0x0000000100000000)
  region size 1024K, 99 young (101376K), 12 survivors (12288K)
 Metaspace       used 78572K, capacity 80780K, committed 80980K, reserved 587776K
  class space    used 10152K, capacity 11066K, committed 11084K, reserved 516096K
}
Event: 18.827 GC heap after
{Heap after GC invocations=18 (full 0):
 garbage-first heap   total 225280K, used 69586K [0x0000000080000000, 0x0000000100000000)
  region size 1024K, 13 young (13312K), 13 survivors (13312K)
 Metaspace       used 78572K, capacity 80780K, committed 80980K, reserved 587776K
  class space    used 10152K, capacity 11066K, committed 11084K, reserved 516096K
}
Event: 20.392 GC heap before
{Heap before GC invocations=18 (full 0):
 garbage-first heap   total 225280K, used 170962K [0x0000000080000000, 0x0000000100000000)
  region size 1024K, 109 young (111616K), 13 survivors (13312K)
 Metaspace       used 83375K, capacity 85727K, committed 85844K, reserved 591872K
  class space    used 10808K, capacity 11785K, committed 11852K, reserved 516096K
}
Event: 20.422 GC heap after
{Heap after GC invocations=19 (full 0):
 garbage-first heap   total 225280K, used 78336K [0x0000000080000000, 0x0000000100000000)
  region size 1024K, 7 young (7168K), 7 survivors (7168K)
 Metaspace       used 83375K, capacity 85727K, committed 85844K, reserved 591872K
  class space    used 10808K, capacity 11785K, committed 11852K, reserved 516096K
}
Event: 24.892 GC heap before
{Heap before GC invocations=19 (full 0):
 garbage-first heap   total 225280K, used 175616K [0x0000000080000000, 0x0000000100000000)
  region size 1024K, 102 young (104448K), 7 survivors (7168K)
 Metaspace       used 91818K, capacity 94282K, committed 94548K, reserved 598016K
  class space    used 12113K, capacity 13098K, committed 13132K, reserved 516096K
}
Event: 24.914 GC heap after
{Heap after GC invocations=20 (full 0):
 garbage-first heap   total 225280K, used 84681K [0x0000000080000000, 0x0000000100000000)
  region size 1024K, 13 young (13312K), 13 survivors (13312K)
 Metaspace       used 91818K, capacity 94282K, committed 94548K, reserved 598016K
  class space    used 12113K, capacity 13098K, committed 13132K, reserved 516096K
}
Event: 27.131 GC heap before
{Heap before GC invocations=20 (full 0):
 garbage-first heap   total 225280K, used 177865K [0x0000000080000000, 0x0000000100000000)
  region size 1024K, 104 young (106496K), 13 survivors (13312K)
 Metaspace       used 97137K, capacity 99661K, committed 99796K, reserved 604160K
  class space    used 12748K, capacity 13740K, committed 13772K, reserved 516096K
}
Event: 27.164 GC heap after
{Heap after GC invocations=21 (full 0):
 garbage-first heap   total 225280K, used 91081K [0x0000000080000000, 0x0000000100000000)
  region size 1024K, 13 young (13312K), 13 survivors (13312K)
 Metaspace       used 97137K, capacity 99661K, committed 99796K, reserved 604160K
  class space    used 12748K, capacity 13740K, committed 13772K, reserved 516096K
}

